La génération a démarré 26/03/2014 22:32:10.
     1>Projet "C:\Users\Johann\Documents\Visual Studio 2012\Projects\diskCleaner\diskCleaner\diskCleaner.vcxproj" sur le nœud 2 (Build cible(s)).
     1>ClCompile:
         C:\Program Files (x86)\Microsoft Visual Studio 11.0\VC\bin\CL.exe /c /ZI /nologo /W3 /WX- /Od /Oy- /D WIN32 /D _DEBUG /D _CONSOLE /Gm /EHsc /RTC1 /MDd /GS /fp:precise /Zc:wchar_t /Zc:forScope /Fo"Debug\\" /Fd"Debug\vc110.pdb" /Gd /TC /analyze- /errorReport:prompt main.c util.c
         util.c
     1>c:\users\johann\documents\visual studio 2012\projects\diskcleaner\diskcleaner\util.c(14): warning C4996: 'fopen': This function or variable may be unsafe. Consider using fopen_s instead. To disable deprecation, use _CRT_SECURE_NO_WARNINGS. See online help for details.
                 c:\program files (x86)\microsoft visual studio 11.0\vc\include\stdio.h(218) : voir la déclaration de 'fopen'
     1>c:\users\johann\documents\visual studio 2012\projects\diskcleaner\diskcleaner\util.c(26): warning C4996: 'fopen': This function or variable may be unsafe. Consider using fopen_s instead. To disable deprecation, use _CRT_SECURE_NO_WARNINGS. See online help for details.
                 c:\program files (x86)\microsoft visual studio 11.0\vc\include\stdio.h(218) : voir la déclaration de 'fopen'
     1>c:\users\johann\documents\visual studio 2012\projects\diskcleaner\diskcleaner\util.c(49): warning C4996: 'strcpy': This function or variable may be unsafe. Consider using strcpy_s instead. To disable deprecation, use _CRT_SECURE_NO_WARNINGS. See online help for details.
                 c:\program files (x86)\microsoft visual studio 11.0\vc\include\string.h(110) : voir la déclaration de 'strcpy'
     1>c:\users\johann\documents\visual studio 2012\projects\diskcleaner\diskcleaner\util.c(50): warning C4996: 'strcat': This function or variable may be unsafe. Consider using strcat_s instead. To disable deprecation, use _CRT_SECURE_NO_WARNINGS. See online help for details.
                 c:\program files (x86)\microsoft visual studio 11.0\vc\include\string.h(115) : voir la déclaration de 'strcat'
         main.c
         Génération de code en cours...
       Link:
         C:\Program Files (x86)\Microsoft Visual Studio 11.0\VC\bin\link.exe /ERRORREPORT:PROMPT /OUT:"C:\Users\Johann\Documents\Visual Studio 2012\Projects\diskCleaner\Debug\AutoClean.exe" /INCREMENTAL /NOLOGO kernel32.lib user32.lib gdi32.lib winspool.lib comdlg32.lib advapi32.lib shell32.lib ole32.lib oleaut32.lib uuid.lib odbc32.lib odbccp32.lib /MANIFEST /MANIFESTUAC:"level='asInvoker' uiAccess='false'" /manifest:embed /DEBUG /PDB:"C:\Users\Johann\Documents\Visual Studio 2012\Projects\diskCleaner\Debug\AutoClean.pdb" /SUBSYSTEM:CONSOLE /TLBID:1 /DYNAMICBASE /NXCOMPAT /IMPLIB:"C:\Users\Johann\Documents\Visual Studio 2012\Projects\diskCleaner\Debug\AutoClean.lib" /MACHINE:X86 Debug\clean.obj
         Debug\main.obj
         Debug\registry.obj
         Debug\services.obj
         Debug\util.obj
         diskCleaner.vcxproj -> C:\Users\Johann\Documents\Visual Studio 2012\Projects\diskCleaner\Debug\AutoClean.exe
     1>Génération du projet "C:\Users\Johann\Documents\Visual Studio 2012\Projects\diskCleaner\diskCleaner\diskCleaner.vcxproj" terminée (Build cible(s)).

La génération a réussi.

Temps écoulé 00:00:01.06
